<?xml version="1.0" encoding="UTF-8"?>
<!-- Generated by org.testng.reporters.JUnitXMLReporter -->
<testsuite ignored="4" hostname="DESKTOP-UPJ4O7I" failures="0" tests="1" name="FailedTest" time="22.091" errors="0" timestamp="2023-07-12T13:29:00 IST">
  <testcase classname="TestNGFeatures.Enabled2_XMLFile" name="Test3" time="0.016"/>
  <testcase classname="TestNGFeatures.Enabled2_XMLFile" name="Test2" time="0.0">
    <ignored/>
  </testcase> <!-- Test2 -->
  <testcase classname="TestNGFeatures.Enabled2_XMLFile" name="A" time="0.0">
    <ignored/>
  </testcase> <!-- A -->
  <testcase classname="TestNGFeatures.Enabled2_XMLFile" name="B" time="0.0">
    <ignored/>
  </testcase> <!-- B -->
  <testcase classname="TestNGFeatures.Enabled2_XMLFile" name="Test1" time="0.0">
    <ignored/>
  </testcase> <!-- Test1 -->
</testsuite> <!-- FailedTest -->
