<?xml version="1.0" encoding="UTF-8"?>
<!-- Generated by org.testng.reporters.JUnitXMLReporter -->
<testsuite ignored="2" hostname="DESKTOP-UPJ4O7I" failures="0" tests="3" name="smoke" time="36.69" errors="0" timestamp="2023-07-07T13:22:43 IST">
  <testcase classname="TestNGFeatures.Enabled2_XMLFile" name="Test1" time="0.053"/>
  <testcase classname="TestNGFeatures.Enabled2_XMLFile" name="Test2" time="0.025"/>
  <testcase classname="TestNGFeatures.Enabled2_XMLFile" name="B" time="2.404"/>
  <testcase classname="TestNGFeatures.Enabled2_XMLFile" name="A" time="0.0">
    <ignored/>
  </testcase> <!-- A -->
  <testcase classname="TestNGFeatures.Enabled2_XMLFile" name="Test3" time="0.0">
    <ignored/>
  </testcase> <!-- Test3 -->
</testsuite> <!-- smoke -->
