<?xml version="1.0" encoding="UTF-8"?>
<!-- Generated by org.testng.reporters.JUnitXMLReporter -->
<testsuite ignored="1" hostname="DESKTOP-UPJ4O7I" failures="0" tests="7" name="Test" time="0.266" errors="0" timestamp="2023-07-11T13:58:11 IST">
  <testcase classname="TestNGFeatures.Day1" name="Test1" time="0.027"/>
  <testcase classname="TestNGFeatures.Day1" name="Test5" time="0.012"/>
  <testcase classname="TestNGFeatures.Day1" name="Test7" time="0.006"/>
  <testcase classname="TestNGFeatures.Day3" name="Test4" time="0.006"/>
  <testcase classname="TestNGFeatures.Day2" name="Test1" time="0.005"/>
  <testcase classname="TestNGFeatures.Day2" name="Test2" time="0.003"/>
  <testcase classname="TestNGFeatures.Day2" name="Test3" time="0.006"/>
  <testcase classname="TestNGFeatures.Day3" name="Test1" time="0.0">
    <ignored/>
  </testcase> <!-- Test1 -->
</testsuite> <!-- Test -->
