<?xml version="1.0" encoding="UTF-8"?>
<!-- Generated by org.testng.reporters.JUnitXMLReporter -->
<testsuite ignored="4" hostname="DESKTOP-UPJ4O7I" failures="1" tests="1" name="Default test(failed)" time="11.916" errors="0" timestamp="2023-07-12T15:04:07 IST">
  <testcase classname="TestNGFeatures.Enabled2_XMLFile" name="Test3" time="0.026">
    <failure type="java.lang.AssertionError" message="expected [false] but found [true]">
      <![CDATA[java.lang.AssertionError: expected [false] but found [true]
at TestNGFeatures.Enabled2_XMLFile.Test3(Enabled2_XMLFile.java:47)
at java.base/java.util.ArrayList.forEach(ArrayList.java:1511)
... Removed 32 stack frames]]>
    </failure>
  </testcase> <!-- Test3 -->
  <testcase classname="TestNGFeatures.Enabled2_XMLFile" name="Test2" time="0.0">
    <ignored/>
  </testcase> <!-- Test2 -->
  <testcase classname="TestNGFeatures.Enabled2_XMLFile" name="A" time="0.0">
    <ignored/>
  </testcase> <!-- A -->
  <testcase classname="TestNGFeatures.Enabled2_XMLFile" name="B" time="0.0">
    <ignored/>
  </testcase> <!-- B -->
  <testcase classname="TestNGFeatures.Enabled2_XMLFile" name="Test1" time="0.0">
    <ignored/>
  </testcase> <!-- Test1 -->
</testsuite> <!-- Default test(failed) -->
